{"numTotalTestSuites":52,"numPassedTestSuites":52,"numFailedTestSuites":0,"numPendingTestSuites":0,"numTotalTests":95,"numPassedTests":95,"numFailedTests":0,"numPendingTests":0,"numTodoTests":0,"snapshot":{"added":0,"failure":false,"filesAdded":0,"filesRemoved":0,"filesRemovedList":[],"filesUnmatched":0,"filesUpdated":0,"matched":0,"total":0,"unchecked":0,"uncheckedKeysByFile":[],"unmatched":0,"updated":0,"didUpdate":false},"startTime":1770812570435,"success":true,"testResults":[{"assertionResults":[{"ancestorTitles":["App Integration"],"fullName":"App Integration sanity check","status":"passed","title":"sanity check","duration":102.48972099999992,"failureMessages":[],"meta":{}},{"ancestorTitles":["App Integration"],"fullName":"App Integration should load SBOM and display Dashboard by default","status":"passed","title":"should load SBOM and display Dashboard by default","duration":736.5338519999996,"failureMessages":[],"meta":{}},{"ancestorTitles":["App Integration"],"fullName":"App Integration should switch views when sidebar buttons are clicked","status":"passed","title":"should switch views when sidebar buttons are clicked","duration":628.2662110000001,"failureMessages":[],"meta":{}}],"startTime":1770812575095,"endTime":1770812576562.266,"status":"passed","message":"","name":"/home/ewrdad/portfolio/sbom-viewer/sbom-json-viewer/src/App.test.tsx"},{"assertionResults":[{"ancestorTitles":["Import Isolation"],"fullName":"Import Isolation should import Layout","status":"passed","title":"should import Layout","duration":1561.2810710000003,"failureMessages":[],"meta":{}},{"ancestorTitles":["Import Isolation"],"fullName":"Import Isolation should import Sidebar","status":"passed","title":"should import Sidebar","duration":7.983948000000055,"failureMessages":[],"meta":{}},{"ancestorTitles":["Import Isolation"],"fullName":"Import Isolation should import App","status":"passed","title":"should import App","duration":365.7495349999999,"failureMessages":[],"meta":{}}],"startTime":1770812573123,"endTime":1770812575057.7495,"status":"passed","message":"","name":"/home/ewrdad/portfolio/sbom-viewer/sbom-json-viewer/src/ImportIsolation.test.ts"},{"assertionResults":[{"ancestorTitles":["Formatter (Flat Structure)"],"fullName":"Formatter (Flat Structure) should format a simple SBOM into a flat component map and dependency graph","status":"passed","title":"should format a simple SBOM into a flat component map and dependency graph","duration":8.682644999999866,"failureMessages":[],"meta":{}},{"ancestorTitles":["Formatter (Flat Structure)"],"fullName":"Formatter (Flat Structure) should handle shared dependencies without duplication","status":"passed","title":"should handle shared dependencies without duplication","duration":2.94791999999984,"failureMessages":[],"meta":{}}],"startTime":1770812582038,"endTime":1770812582048.948,"status":"passed","message":"","name":"/home/ewrdad/portfolio/sbom-viewer/sbom-json-viewer/tests/FormatterFlat.test.ts"},{"assertionResults":[{"ancestorTitles":["Formatter Transitive Vulnerabilities"],"fullName":"Formatter Transitive Vulnerabilities should propagate vulnerabilities from dependencies to parents","status":"passed","title":"should propagate vulnerabilities from dependencies to parents","duration":5.099132999999938,"failureMessages":[],"meta":{}},{"ancestorTitles":["Formatter Transitive Vulnerabilities"],"fullName":"Formatter Transitive Vulnerabilities should deduplicate transitive vulnerabilities from multiple paths","status":"passed","title":"should deduplicate transitive vulnerabilities from multiple paths","duration":2.4421599999998307,"failureMessages":[],"meta":{}},{"ancestorTitles":["Formatter Transitive Vulnerabilities"],"fullName":"Formatter Transitive Vulnerabilities should handle circular dependencies without stack overflow","status":"passed","title":"should handle circular dependencies without stack overflow","duration":2.722933000000012,"failureMessages":[],"meta":{}}],"startTime":1770812582563,"endTime":1770812582572.723,"status":"passed","message":"","name":"/home/ewrdad/portfolio/sbom-viewer/sbom-json-viewer/tests/TransitiveVulns.test.ts"},{"assertionResults":[{"ancestorTitles":["useSbomStats"],"fullName":"useSbomStats should return null if sbom is null","status":"passed","title":"should return null if sbom is null","duration":36.938188999999966,"failureMessages":[],"meta":{}},{"ancestorTitles":["useSbomStats"],"fullName":"useSbomStats should calculate stats correctly for a comprehensive SBOM","status":"passed","title":"should calculate stats correctly for a comprehensive SBOM","duration":71.66047299999991,"failureMessages":[],"meta":{}}],"startTime":1770812579526,"endTime":1770812579634.6604,"status":"passed","message":"","name":"/home/ewrdad/portfolio/sbom-viewer/sbom-json-viewer/src/hooks/useSbomStats.test.ts"},{"assertionResults":[{"ancestorTitles":["bomConverter"],"fullName":"bomConverter should convert invalid json to null or throw or handle gracefully","status":"passed","title":"should convert invalid json to null or throw or handle gracefully","duration":1.2523169999999482,"failureMessages":[],"meta":{}},{"ancestorTitles":["bomConverter"],"fullName":"bomConverter should convert a simple valid cycloneDX JSON to Bom object","status":"passed","title":"should convert a simple valid cycloneDX JSON to Bom object","duration":3.7788470000000416,"failureMessages":[],"meta":{}}],"startTime":1770812582108,"endTime":1770812582112.7788,"status":"passed","message":"","name":"/home/ewrdad/portfolio/sbom-viewer/sbom-json-viewer/src/lib/bomConverter.test.ts"},{"assertionResults":[{"ancestorTitles":["licenseUtils"],"fullName":"licenseUtils should categorize permissive licenses correctly","status":"passed","title":"should categorize permissive licenses correctly","duration":2.82405800000015,"failureMessages":[],"meta":{}},{"ancestorTitles":["licenseUtils"],"fullName":"licenseUtils should categorize copyleft licenses correctly","status":"passed","title":"should categorize copyleft licenses correctly","duration":0.8988830000000689,"failureMessages":[],"meta":{}},{"ancestorTitles":["licenseUtils"],"fullName":"licenseUtils should categorize weak-copyleft licenses correctly","status":"passed","title":"should categorize weak-copyleft licenses correctly","duration":0.7299749999999676,"failureMessages":[],"meta":{}},{"ancestorTitles":["licenseUtils"],"fullName":"licenseUtils should handle unknown or null licenses","status":"passed","title":"should handle unknown or null licenses","duration":0.918641000000207,"failureMessages":[],"meta":{}},{"ancestorTitles":["licenseUtils"],"fullName":"licenseUtils should handle prefix matching","status":"passed","title":"should handle prefix matching","duration":0.7247810000001209,"failureMessages":[],"meta":{}}],"startTime":1770812582341,"endTime":1770812582347.7249,"status":"passed","message":"","name":"/home/ewrdad/portfolio/sbom-viewer/sbom-json-viewer/src/lib/licenseUtils.test.ts"},{"assertionResults":[{"ancestorTitles":["Renderer"],"fullName":"Renderer renders loading state before formatting completes","status":"passed","title":"renders loading state before formatting completes","duration":6201.247997,"failureMessages":[],"meta":{}},{"ancestorTitles":["Renderer"],"fullName":"Renderer renders statistics and components after formatting","status":"passed","title":"renders statistics and components after formatting","duration":368.43146700000034,"failureMessages":[],"meta":{}},{"ancestorTitles":["Renderer"],"fullName":"Renderer isolates component failures with error boundary","status":"passed","title":"isolates component failures with error boundary","duration":367.15418300000056,"failureMessages":[],"meta":{}}],"startTime":1770812573955,"endTime":1770812580892.1543,"status":"passed","message":"","name":"/home/ewrdad/portfolio/sbom-viewer/sbom-json-viewer/src/renderer/renderer.test.tsx"},{"assertionResults":[{"ancestorTitles":["View Caching Integration"],"fullName":"View Caching Integration should preserve Component Explorer search state when switching views","status":"passed","title":"should preserve Component Explorer search state when switching views","duration":1339.9645120000005,"failureMessages":[],"meta":{}},{"ancestorTitles":["View Caching Integration"],"fullName":"View Caching Integration should preserve Dependency Tree expansion state when switching views","status":"passed","title":"should preserve Dependency Tree expansion state when switching views","duration":172.86771599999975,"failureMessages":[],"meta":{}}],"startTime":1770812575545,"endTime":1770812577057.8677,"status":"passed","message":"","name":"/home/ewrdad/portfolio/sbom-viewer/sbom-json-viewer/src/test/CachingViews.test.tsx"},{"assertionResults":[{"ancestorTitles":["ComponentDetailPanel"],"fullName":"ComponentDetailPanel renders basic component information","status":"passed","title":"renders basic component information","duration":230.46008700000039,"failureMessages":[],"meta":{}},{"ancestorTitles":["ComponentDetailPanel"],"fullName":"ComponentDetailPanel renders vulnerability breakdown","status":"passed","title":"renders vulnerability breakdown","duration":53.353259000000435,"failureMessages":[],"meta":{}},{"ancestorTitles":["ComponentDetailPanel"],"fullName":"ComponentDetailPanel renders license badge","status":"passed","title":"renders license badge","duration":82.63382999999976,"failureMessages":[],"meta":{}},{"ancestorTitles":["ComponentDetailPanel"],"fullName":"ComponentDetailPanel copies JSON to clipboard","status":"passed","title":"copies JSON to clipboard","duration":107.71539099999973,"failureMessages":[],"meta":{}},{"ancestorTitles":["ComponentDetailPanel"],"fullName":"ComponentDetailPanel renders additional details (properties)","status":"passed","title":"renders additional details (properties)","duration":94.48832200000015,"failureMessages":[],"meta":{}}],"startTime":1770812575997,"endTime":1770812576566.4883,"status":"passed","message":"","name":"/home/ewrdad/portfolio/sbom-viewer/sbom-json-viewer/src/components/views/ComponentDetailPanel.test.tsx"},{"assertionResults":[{"ancestorTitles":["Component Search Logic"],"fullName":"Component Search Logic filters by name in basic search","status":"passed","title":"filters by name in basic search","duration":360.67636300000004,"failureMessages":[],"meta":{}}],"startTime":1770812579990,"endTime":1770812580350.6763,"status":"passed","message":"","name":"/home/ewrdad/portfolio/sbom-viewer/sbom-json-viewer/src/components/views/ComponentSearch.test.tsx"},{"assertionResults":[{"ancestorTitles":["DashboardView"],"fullName":"DashboardView should render KPI cards correctly","status":"passed","title":"should render KPI cards correctly","duration":262.84803699999975,"failureMessages":[],"meta":{}}],"startTime":1770812581231,"endTime":1770812581493.8481,"status":"passed","message":"","name":"/home/ewrdad/portfolio/sbom-viewer/sbom-json-viewer/src/components/views/DashboardView.test.tsx"},{"assertionResults":[{"ancestorTitles":["DependencyGraph"],"fullName":"DependencyGraph shows large SBOM guard and skips formatting","status":"passed","title":"shows large SBOM guard and skips formatting","duration":39.575746999999865,"failureMessages":[],"meta":{}}],"startTime":1770812583064,"endTime":1770812583103.5757,"status":"passed","message":"","name":"/home/ewrdad/portfolio/sbom-viewer/sbom-json-viewer/src/components/views/DependencyGraph.test.tsx"},{"assertionResults":[{"ancestorTitles":["DependencyTree"],"fullName":"DependencyTree shows large SBOM guard and skips formatting","status":"passed","title":"shows large SBOM guard and skips formatting","duration":131.34630100000004,"failureMessages":[],"meta":{}}],"startTime":1770812578430,"endTime":1770812578561.3462,"status":"passed","message":"","name":"/home/ewrdad/portfolio/sbom-viewer/sbom-json-viewer/src/components/views/DependencyTree.test.tsx"},{"assertionResults":[{"ancestorTitles":["DependencyTree Search"],"fullName":"DependencyTree Search renders the tree and allows searching for a package name","status":"passed","title":"renders the tree and allows searching for a package name","duration":431.27654299999995,"failureMessages":[],"meta":{}},{"ancestorTitles":["DependencyTree Search"],"fullName":"DependencyTree Search filters by CVE ID","status":"passed","title":"filters by CVE ID","duration":159.12610199999926,"failureMessages":[],"meta":{}},{"ancestorTitles":["DependencyTree Search"],"fullName":"DependencyTree Search shows 'No components found' when there are no matches","status":"passed","title":"shows 'No components found' when there are no matches","duration":155.73131000000012,"failureMessages":[],"meta":{}},{"ancestorTitles":["DependencyTree Search"],"fullName":"DependencyTree Search finds deeply nested dependencies and shows full path","status":"passed","title":"finds deeply nested dependencies and shows full path","duration":220.80660200000057,"failureMessages":[],"meta":{}},{"ancestorTitles":["DependencyTree Search"],"fullName":"DependencyTree Search finds the root component from metadata","status":"passed","title":"finds the root component from metadata","duration":48.67916100000002,"failureMessages":[],"meta":{}}],"startTime":1770812576819,"endTime":1770812577835.6792,"status":"passed","message":"","name":"/home/ewrdad/portfolio/sbom-viewer/sbom-json-viewer/src/components/views/DependencyTreeSearch.test.tsx"},{"assertionResults":[{"ancestorTitles":["buildMermaidDiagram"],"fullName":"buildMermaidDiagram creates nodes and edges for a dependency tree","status":"passed","title":"creates nodes and edges for a dependency tree","duration":4.2893759999999475,"failureMessages":[],"meta":{}},{"ancestorTitles":["buildMermaidDiagram"],"fullName":"buildMermaidDiagram respects max depth when rendering","status":"passed","title":"respects max depth when rendering","duration":1.3222339999999804,"failureMessages":[],"meta":{}},{"ancestorTitles":["buildMermaidDiagram"],"fullName":"buildMermaidDiagram filters to vulnerable components when enabled","status":"passed","title":"filters to vulnerable components when enabled","duration":0.610629999999901,"failureMessages":[],"meta":{}},{"ancestorTitles":["buildMermaidDiagram"],"fullName":"buildMermaidDiagram prunes non-matching branches when query is set","status":"passed","title":"prunes non-matching branches when query is set","duration":1.1369810000001053,"failureMessages":[],"meta":{}},{"ancestorTitles":["buildMermaidDiagram"],"fullName":"buildMermaidDiagram truncates when exceeding node limits","status":"passed","title":"truncates when exceeding node limits","duration":1.8302799999999024,"failureMessages":[],"meta":{}},{"ancestorTitles":["buildMermaidDiagram"],"fullName":"buildMermaidDiagram sanitizes component names and versions in labels","status":"passed","title":"sanitizes component names and versions in labels","duration":0.9035030000000006,"failureMessages":[],"meta":{}},{"ancestorTitles":["buildMermaidDiagram"],"fullName":"buildMermaidDiagram applies the highest severity class to nodes","status":"passed","title":"applies the highest severity class to nodes","duration":0.8190170000000307,"failureMessages":[],"meta":{}}],"startTime":1770812581633,"endTime":1770812581643.819,"status":"passed","message":"","name":"/home/ewrdad/portfolio/sbom-viewer/sbom-json-viewer/src/lib/mermaid/sbomToMermaid.test.ts"},{"assertionResults":[{"ancestorTitles":["Formatter","Basic Functionality"],"fullName":"Formatter Basic Functionality should format an empty SBOM without errors","status":"passed","title":"should format an empty SBOM without errors","duration":9.450401000000056,"failureMessages":[],"meta":{}},{"ancestorTitles":["Formatter","Basic Functionality"],"fullName":"Formatter Basic Functionality should extract metadata from SBOM","status":"passed","title":"should extract metadata from SBOM","duration":4.078180999999859,"failureMessages":[],"meta":{}},{"ancestorTitles":["Formatter","Basic Functionality"],"fullName":"Formatter Basic Functionality should report progress throughout formatting","status":"passed","title":"should report progress throughout formatting","duration":4.841737000000194,"failureMessages":[],"meta":{}},{"ancestorTitles":["Formatter","Basic Functionality"],"fullName":"Formatter Basic Functionality should extract unique licenses into statistics","status":"passed","title":"should extract unique licenses into statistics","duration":3.920256999999765,"failureMessages":[],"meta":{}},{"ancestorTitles":["Formatter","Basic Functionality"],"fullName":"Formatter Basic Functionality should extract unique vulnerabilities into statistics","status":"passed","title":"should extract unique vulnerabilities into statistics","duration":8.127320000000054,"failureMessages":[],"meta":{}},{"ancestorTitles":["Formatter","Linear Dependency Structure"],"fullName":"Formatter Linear Dependency Structure should build flat component map and dependency graph for linear dependencies","status":"passed","title":"should build flat component map and dependency graph for linear dependencies","duration":2.2962589999997363,"failureMessages":[],"meta":{}},{"ancestorTitles":["Formatter","Linear Dependency Structure"],"fullName":"Formatter Linear Dependency Structure should aggregate transitive vulnerabilities in linear chain","status":"passed","title":"should aggregate transitive vulnerabilities in linear chain","duration":3.853335000000243,"failureMessages":[],"meta":{}},{"ancestorTitles":["Formatter","Linear Dependency Structure"],"fullName":"Formatter Linear Dependency Structure should track inherent vulnerabilities at the correct level","status":"passed","title":"should track inherent vulnerabilities at the correct level","duration":2.4609239999999772,"failureMessages":[],"meta":{}},{"ancestorTitles":["Formatter","Diamond Dependency Structure"],"fullName":"Formatter Diamond Dependency Structure should accurately represent shared dependencies in graph","status":"passed","title":"should accurately represent shared dependencies in graph","duration":5.110160000000178,"failureMessages":[],"meta":{}},{"ancestorTitles":["Formatter","Diamond Dependency Structure"],"fullName":"Formatter Diamond Dependency Structure should aggregate transitive vulnerabilities from multiple paths","status":"passed","title":"should aggregate transitive vulnerabilities from multiple paths","duration":3.6087039999997614,"failureMessages":[],"meta":{}},{"ancestorTitles":["Formatter","Diamond Dependency Structure"],"fullName":"Formatter Diamond Dependency Structure should deduplicate transitive vulnerabilities","status":"passed","title":"should deduplicate transitive vulnerabilities","duration":2.6093089999999393,"failureMessages":[],"meta":{}},{"ancestorTitles":["Formatter","Circular Dependency Handling"],"fullName":"Formatter Circular Dependency Handling should handle circular dependencies without infinite recursion","status":"passed","title":"should handle circular dependencies without infinite recursion","duration":2.074604000000363,"failureMessages":[],"meta":{}},{"ancestorTitles":["Formatter","Circular Dependency Handling"],"fullName":"Formatter Circular Dependency Handling should correctly represent circular dependencies in the graph","status":"passed","title":"should correctly represent circular dependencies in the graph","duration":1.8633059999997386,"failureMessages":[],"meta":{}},{"ancestorTitles":["Formatter","Vulnerability Categorization"],"fullName":"Formatter Vulnerability Categorization should categorize vulnerabilities by severity","status":"passed","title":"should categorize vulnerabilities by severity","duration":2.8688139999999294,"failureMessages":[],"meta":{}},{"ancestorTitles":["Formatter","Vulnerability Categorization"],"fullName":"Formatter Vulnerability Categorization should separate inherent from transitive vulnerabilities","status":"passed","title":"should separate inherent from transitive vulnerabilities","duration":3.160519999999906,"failureMessages":[],"meta":{}},{"ancestorTitles":["Formatter","Edge Cases"],"fullName":"Formatter Edge Cases should handle component with no dependencies","status":"passed","title":"should handle component with no dependencies","duration":2.176664999999957,"failureMessages":[],"meta":{}},{"ancestorTitles":["Formatter","Edge Cases"],"fullName":"Formatter Edge Cases should handle component with missing dependency reference","status":"passed","title":"should handle component with missing dependency reference","duration":2.34948600000007,"failureMessages":[],"meta":{}},{"ancestorTitles":["Formatter","Edge Cases"],"fullName":"Formatter Edge Cases should handle SBOM with only vulnerabilities, no components","status":"passed","title":"should handle SBOM with only vulnerabilities, no components","duration":1.9691250000000764,"failureMessages":[],"meta":{}},{"ancestorTitles":["Formatter","Component Structure Integrity"],"fullName":"Formatter Component Structure Integrity should preserve component properties in flat map","status":"passed","title":"should preserve component properties in flat map","duration":1.8910939999996117,"failureMessages":[],"meta":{}},{"ancestorTitles":["Formatter","Component Structure Integrity"],"fullName":"Formatter Component Structure Integrity should add vulnerability tracking to each component","status":"passed","title":"should add vulnerability tracking to each component","duration":3.041537000000062,"failureMessages":[],"meta":{}}],"startTime":1770812580221,"endTime":1770812580296.0415,"status":"passed","message":"","name":"/home/ewrdad/portfolio/sbom-viewer/sbom-json-viewer/src/renderer/Formatter/Formatter.test.tsx"},{"assertionResults":[{"ancestorTitles":["SBOMComponent","Basic Rendering"],"fullName":"SBOMComponent Basic Rendering should render component name and version","status":"passed","title":"should render component name and version","duration":386.6046470000001,"failureMessages":[],"meta":{}},{"ancestorTitles":["SBOMComponent","Basic Rendering"],"fullName":"SBOMComponent Basic Rendering should render component group","status":"passed","title":"should render component group","duration":53.59453399999984,"failureMessages":[],"meta":{}},{"ancestorTitles":["SBOMComponent","Basic Rendering"],"fullName":"SBOMComponent Basic Rendering should render component type badge","status":"passed","title":"should render component type badge","duration":48.9070870000005,"failureMessages":[],"meta":{}},{"ancestorTitles":["SBOMComponent","Basic Rendering"],"fullName":"SBOMComponent Basic Rendering should render bom-ref","status":"passed","title":"should render bom-ref","duration":76.21308599999975,"failureMessages":[],"meta":{}},{"ancestorTitles":["SBOMComponent","Vulnerabilities Display"],"fullName":"SBOMComponent Vulnerabilities Display should show no vulnerabilities message when component is clean","status":"passed","title":"should show no vulnerabilities message when component is clean","duration":172.59378500000003,"failureMessages":[],"meta":{}},{"ancestorTitles":["SBOMComponent","Vulnerabilities Display"],"fullName":"SBOMComponent Vulnerabilities Display should display critical vulnerabilities count","status":"passed","title":"should display critical vulnerabilities count","duration":243.99708399999963,"failureMessages":[],"meta":{}},{"ancestorTitles":["SBOMComponent","Vulnerabilities Display"],"fullName":"SBOMComponent Vulnerabilities Display should show inherited vulnerabilities separately","status":"passed","title":"should show inherited vulnerabilities separately","duration":45.43794400000024,"failureMessages":[],"meta":{}},{"ancestorTitles":["SBOMComponent","Dependencies"],"fullName":"SBOMComponent Dependencies should not show dependencies section when there are none","status":"passed","title":"should not show dependencies section when there are none","duration":49.85493299999962,"failureMessages":[],"meta":{}},{"ancestorTitles":["SBOMComponent","Dependencies"],"fullName":"SBOMComponent Dependencies should show dependencies count when present","status":"passed","title":"should show dependencies count when present","duration":224.17317700000058,"failureMessages":[],"meta":{}},{"ancestorTitles":["SBOMComponent","Dependencies"],"fullName":"SBOMComponent Dependencies should respect maxDepth limit","status":"passed","title":"should respect maxDepth limit","duration":29.27012300000024,"failureMessages":[],"meta":{}},{"ancestorTitles":["SBOMComponent","Licenses"],"fullName":"SBOMComponent Licenses should display license information","status":"passed","title":"should display license information","duration":23.627755000000434,"failureMessages":[],"meta":{}},{"ancestorTitles":["SBOMComponent","Licenses"],"fullName":"SBOMComponent Licenses should display multiple licenses","status":"passed","title":"should display multiple licenses","duration":21.241821999999956,"failureMessages":[],"meta":{}},{"ancestorTitles":["SBOMComponent","Component Details"],"fullName":"SBOMComponent Component Details should display all component details in details section","status":"passed","title":"should display all component details in details section","duration":21.669455000000198,"failureMessages":[],"meta":{}}],"startTime":1770812575349,"endTime":1770812576750.6694,"status":"passed","message":"","name":"/home/ewrdad/portfolio/sbom-viewer/sbom-json-viewer/src/renderer/SBOMComponent/SBOMComponent.test.tsx"},{"assertionResults":[{"ancestorTitles":["uniqueLicenses"],"fullName":"uniqueLicenses should return empty array when no components have licenses","status":"passed","title":"should return empty array when no components have licenses","duration":7.848181999999952,"failureMessages":[],"meta":{}},{"ancestorTitles":["uniqueLicenses"],"fullName":"uniqueLicenses should extract unique licenses from components","status":"passed","title":"should extract unique licenses from components","duration":7.323403999999982,"failureMessages":[],"meta":{}},{"ancestorTitles":["uniqueLicenses"],"fullName":"uniqueLicenses should deduplicate identical licenses","status":"passed","title":"should deduplicate identical licenses","duration":1.0901139999998577,"failureMessages":[],"meta":{}},{"ancestorTitles":["uniqueLicenses"],"fullName":"uniqueLicenses should handle components with multiple licenses","status":"passed","title":"should handle components with multiple licenses","duration":1.3959890000000996,"failureMessages":[],"meta":{}},{"ancestorTitles":["uniqueLicenses"],"fullName":"uniqueLicenses should handle mix of duplicate and unique licenses","status":"passed","title":"should handle mix of duplicate and unique licenses","duration":1.2232629999998608,"failureMessages":[],"meta":{}},{"ancestorTitles":["uniqueLicenses"],"fullName":"uniqueLicenses should handle empty ComponentRepository","status":"passed","title":"should handle empty ComponentRepository","duration":0.40533800000002884,"failureMessages":[],"meta":{}},{"ancestorTitles":["uniqueLicenses"],"fullName":"uniqueLicenses should preserve License objects, not just strings","status":"passed","title":"should preserve License objects, not just strings","duration":0.8154219999998986,"failureMessages":[],"meta":{}}],"startTime":1770812581452,"endTime":1770812581472.8154,"status":"passed","message":"","name":"/home/ewrdad/portfolio/sbom-viewer/sbom-json-viewer/src/renderer/Formatter/Statistics/uniqueLicenses.test.tsx"},{"assertionResults":[{"ancestorTitles":["uniqueVulnerabilities"],"fullName":"uniqueVulnerabilities should return empty categories when no vulnerabilities exist","status":"passed","title":"should return empty categories when no vulnerabilities exist","duration":5.68994500000008,"failureMessages":[],"meta":{}},{"ancestorTitles":["uniqueVulnerabilities"],"fullName":"uniqueVulnerabilities should categorize vulnerabilities by severity","status":"passed","title":"should categorize vulnerabilities by severity","duration":5.326600000000099,"failureMessages":[],"meta":{}},{"ancestorTitles":["uniqueVulnerabilities"],"fullName":"uniqueVulnerabilities should extract vulnerability IDs correctly","status":"passed","title":"should extract vulnerability IDs correctly","duration":1.5763359999998556,"failureMessages":[],"meta":{}},{"ancestorTitles":["uniqueVulnerabilities"],"fullName":"uniqueVulnerabilities should deduplicate vulnerabilities with same ID","status":"passed","title":"should deduplicate vulnerabilities with same ID","duration":1.4987429999998767,"failureMessages":[],"meta":{}},{"ancestorTitles":["uniqueVulnerabilities"],"fullName":"uniqueVulnerabilities should handle multiple critical vulnerabilities","status":"passed","title":"should handle multiple critical vulnerabilities","duration":2.2352149999999256,"failureMessages":[],"meta":{}},{"ancestorTitles":["uniqueVulnerabilities"],"fullName":"uniqueVulnerabilities should handle vulnerability without severity rating","status":"passed","title":"should handle vulnerability without severity rating","duration":1.9539559999998346,"failureMessages":[],"meta":{}},{"ancestorTitles":["uniqueVulnerabilities"],"fullName":"uniqueVulnerabilities should handle mixed severity levels","status":"passed","title":"should handle mixed severity levels","duration":1.8745069999997668,"failureMessages":[],"meta":{}},{"ancestorTitles":["uniqueVulnerabilities"],"fullName":"uniqueVulnerabilities should handle case-insensitive severity matching","status":"passed","title":"should handle case-insensitive severity matching","duration":0.867703999999776,"failureMessages":[],"meta":{}},{"ancestorTitles":["uniqueVulnerabilities"],"fullName":"uniqueVulnerabilities should maintain vulnerability object integrity","status":"passed","title":"should maintain vulnerability object integrity","duration":2.1010929999997643,"failureMessages":[],"meta":{}}],"startTime":1770812580647,"endTime":1770812580671.101,"status":"passed","message":"","name":"/home/ewrdad/portfolio/sbom-viewer/sbom-json-viewer/src/renderer/Formatter/Statistics/uniqueVulnerabilities.test.tsx"}]}